  Application.cpp
C:\Xicheng\MyLife\College\Clemson\2021-2022FALL\Game Engine Contruction\Sushi-Challenge\include\Global.h(5,10): fatal error C1083: Cannot open include file: 'SDL2/SDL.h': No such file or directory
  Character.cpp
C:\Xicheng\MyLife\College\Clemson\2021-2022FALL\Game Engine Contruction\Sushi-Challenge\include\GameObject.h(9,10): fatal error C1083: Cannot open include file: 'SDL2/SDL.h': No such file or directory
  GameObject.cpp
C:\Xicheng\MyLife\College\Clemson\2021-2022FALL\Game Engine Contruction\Sushi-Challenge\include\GameObject.h(9,10): fatal error C1083: Cannot open include file: 'SDL2/SDL.h': No such file or directory
  Global.cpp
C:\Xicheng\MyLife\College\Clemson\2021-2022FALL\Game Engine Contruction\Sushi-Challenge\include\Global.h(5,10): fatal error C1083: Cannot open include file: 'SDL2/SDL.h': No such file or directory
  Image.cpp
C:\Xicheng\MyLife\College\Clemson\2021-2022FALL\Game Engine Contruction\Sushi-Challenge\include\Image.h(9,10): fatal error C1083: Cannot open include file: 'SDL2/SDL.h': No such file or directory
  main.cpp
C:\Xicheng\MyLife\College\Clemson\2021-2022FALL\Game Engine Contruction\Sushi-Challenge\include\Global.h(5,10): fatal error C1083: Cannot open include file: 'SDL2/SDL.h': No such file or directory
  Map.cpp
C:\Xicheng\MyLife\College\Clemson\2021-2022FALL\Game Engine Contruction\Sushi-Challenge\include\GameObject.h(9,10): fatal error C1083: Cannot open include file: 'SDL2/SDL.h': No such file or directory
  Particle.cpp
C:\Xicheng\MyLife\College\Clemson\2021-2022FALL\Game Engine Contruction\Sushi-Challenge\include\Particle.h(7,10): fatal error C1083: Cannot open include file: 'SDL2/SDL.h': No such file or directory
  ParticleEmitter.cpp
C:\Xicheng\MyLife\College\Clemson\2021-2022FALL\Game Engine Contruction\Sushi-Challenge\include\Particle.h(7,10): fatal error C1083: Cannot open include file: 'SDL2/SDL.h': No such file or directory
  Pickup.cpp
C:\Xicheng\MyLife\College\Clemson\2021-2022FALL\Game Engine Contruction\Sushi-Challenge\include\GameObject.h(9,10): fatal error C1083: Cannot open include file: 'SDL2/SDL.h': No such file or directory
  Sprite.cpp
C:\Xicheng\MyLife\College\Clemson\2021-2022FALL\Game Engine Contruction\Sushi-Challenge\include\GameObject.h(9,10): fatal error C1083: Cannot open include file: 'SDL2/SDL.h': No such file or directory
  TileHandler.cpp
C:\Xicheng\MyLife\College\Clemson\2021-2022FALL\Game Engine Contruction\Sushi-Challenge\include\TileHandler.h(10,10): fatal error C1083: Cannot open include file: 'SDL2/SDL.h': No such file or directory
  Generating Code...
